input {
  tcp {
        port => 1025
        type => "squid-access"
   }
}

filter {
  grok {
    break_on_match => true
    match => [ "message", "%{NUMBER:timestamp}\s+%{NUMBER:response_time} %{IPORHOST:src_ip} %{WORD:squid_request_status}/%{NUMBER:http_status_code} %{NUMBER:reply_size_include_header:int} %{WORD:http_method} %{WORD:http_protocol}://%{HOSTNAME:dst_host}:%{NUMBER:tcp.port}%{NOTSPACE:request_url} %{NOTSPACE:user} %{WORD:squid}/(?:-|%{IP:dst_ip}) %{NOTSPACE:content_type}" ]
    match => [ "message", "%{NUMBER:timestamp}\s+%{NUMBER:response_time} %{IPORHOST:src_ip} %{WORD:squid_request_status}/%{NUMBER:http_status_code} %{NUMBER:reply_size_include_header:int} %{WORD:http_method} %{WORD:http_protocol}://%{HOSTNAME:dst_host}%{NOTSPACE:request_url} %{NOTSPACE:user} %{WORD:squid}/(?:-|%{IP:dst_ip}) %{NOTSPACE:content_type}" ]
    match => [ "message", "%{NUMBER:timestamp}\s+%{NUMBER:response_time} %{IPORHOST:src_ip} %{WORD:squid_request_status}/%{NUMBER:http_status_code} %{NUMBER:reply_size_include_header:int} %{WORD:http_method} %{HOSTNAME:dst_host}:%{NUMBER:tcp.port} %{NOTSPACE:user} %{WORD:squid}/(?:-|%{IP:dst_ip}) %{NOTSPACE:content_type}" ]
    add_tag => ["squid"]
  }

  geoip {
    source => "dst_ip"
  }
}

output {
   elasticsearch {
       hosts => [ "elasticsearch:9200" ]
       sniffing => true
       index => "squid-logs-%{+YYYY.MM.dd}"
   }
}